#
# There is insufficient memory for the Java Runtime Environment to continue.
# Native memory allocation (mmap) failed to map 134217728 bytes. Error detail: G1 virtual space
# Possible reasons:
#   The system is out of physical RAM or swap space
#   This process is running with CompressedOops enabled, and the Java Heap may be blocking the growth of the native heap
# Possible solutions:
#   Reduce memory load on the system
#   Increase physical memory or swap space
#   Check if swap backing store is full
#   Decrease Java heap size (-Xmx/-Xms)
#   Decrease number of Java threads
#   Decrease Java thread stack sizes (-Xss)
#   Set larger code cache with -XX:ReservedCodeCacheSize=
#   JVM is running with Unscaled Compressed Oops mode in which the Java heap is
#     placed in the first 4GB address space. The Java Heap base address is the
#     maximum limit for the native heap growth. Please use -XX:HeapBaseMinAddress
#     to set the Java Heap base and to place the Java Heap above 4GB virtual address.
# This output file may be truncated or incomplete.
#
#  Out of Memory Error (os_windows.cpp:3703), pid=22288, tid=23548
#
# JRE version:  (23.0.1+11) (build )
# Java VM: OpenJDK 64-Bit Server VM (23.0.1+11-39, mixed mode, sharing, tiered, compressed oops, compressed class ptrs, g1 gc, windows-amd64)
# No core dump will be written. Minidumps are not enabled by default on client versions of Windows
#

---------------  S U M M A R Y ------------

Command Line: -javaagent:C:\Program Files\JetBrains\IntelliJ IDEA 2024.1.2\lib\idea_rt.jar=50099:C:\Program Files\JetBrains\IntelliJ IDEA 2024.1.2\bin -Dfile.encoding=UTF-8 -Dsun.stdout.encoding=UTF-8 -Dsun.stderr.encoding=UTF-8 com.semicolon.africa.devops.data.model.Hello

Host: Intel(R) Core(TM) i5-7300U CPU @ 2.60GHz, 4 cores, 7G,  Windows 11 , 64 bit Build 22000 (10.0.22000.2836)
Time: Thu Feb 27 11:25:45 2025 W. Central Africa Standard Time elapsed time: 0.260234 seconds (0d 0h 0m 0s)

---------------  T H R E A D  ---------------

Current thread (0x0000027ad56a2c80):  JavaThread "Unknown thread" [_thread_in_vm, id=23548, stack(0x000000b618500000,0x000000b618600000) (1024K)]

Stack: [0x000000b618500000,0x000000b618600000]
Native frames: (J=compiled Java code, j=interpreted, Vv=VM code, C=native code)
V  [jvm.dll+0x6e08b9]  (no source info available)
V  [jvm.dll+0x87dc83]  (no source info available)
V  [jvm.dll+0x88010e]  (no source info available)
V  [jvm.dll+0x8807e3]  (no source info available)
V  [jvm.dll+0x27aee6]  (no source info available)
V  [jvm.dll+0x6dd1c5]  (no source info available)
V  [jvm.dll+0x6d104a]  (no source info available)
V  [jvm.dll+0x35b3ea]  (no source info available)
V  [jvm.dll+0x3637f6]  (no source info available)
V  [jvm.dll+0x34fd5e]  (no source info available)
V  [jvm.dll+0x34fff8]  (no source info available)
V  [jvm.dll+0x3289cc]  (no source info available)
V  [jvm.dll+0x32966e]  (no source info available)
V  [jvm.dll+0x844355]  (no source info available)
V  [jvm.dll+0x3b9848]  (no source info available)
V  [jvm.dll+0x82d14c]  (no source info available)
V  [jvm.dll+0x454d4e]  (no source info available)
V  [jvm.dll+0x456bd1]  (no source info available)
C  [jli.dll+0x52a3]  (no source info available)
C  [ucrtbase.dll+0x26c0c]  (no source info available)
C  [KERNEL32.DLL+0x153e0]  (no source info available)
C  [ntdll.dll+0x485b]  (no source info available)

Lock stack of current Java thread (top to bottom):


---------------  P R O C E S S  ---------------

Threads class SMR info:
_java_thread_list=0x00007fffc0ba3618, length=0, elements={
}

Java Threads: ( => current thread )
Total: 0

Other Threads:
  0x0000027ad798a310 WorkerThread "GC Thread#0"                     [id=25452, stack(0x000000b618600000,0x000000b618700000) (1024K)]
  0x0000027ad799eeb0 ConcurrentGCThread "G1 Main Marker"            [id=21436, stack(0x000000b618700000,0x000000b618800000) (1024K)]
  0x0000027ad799fb70 WorkerThread "G1 Conc#0"                       [id=23896, stack(0x000000b618800000,0x000000b618900000) (1024K)]

[error occurred during error reporting (printing all threads), id 0xc0000005, EXCEPTION_ACCESS_VIOLATION (0xc0000005) at pc=0x00007fffc02ebfba]
VM state: not at safepoint (not fully initialized)

VM Mutex/Monitor currently owned by a thread:  ([mutex/lock_event])
[0x00007fffc0c23a10] Heap_lock - owner thread: 0x0000027ad56a2c80

Heap address: 0x0000000081e00000, size: 2018 MB, Compressed Oops mode: 32-bit

CDS archive(s) mapped at: [0x0000000000000000-0x0000000000000000-0x0000000000000000), size 0, SharedBaseAddress: 0x0000000800000000, ArchiveRelocationMode: 1.
Narrow klass base: 0x0000000000000000, Narrow klass shift: 0, Narrow klass range: 0x0

GC Precious Log:
 CardTable entry size: 512
 Card Set container configuration: InlinePtr #cards 5 size 8 Array Of Cards #cards 10 size 36 Howl #buckets 4 coarsen threshold 1843 Howl Bitmap #cards 512 size 80 coarsen threshold 460 Card regions per heap region 1 cards per card region 2048

Heap:
 garbage-first heap   total reserved 2066432K, committed 0K, used 0K [0x0000000081e00000, 0x0000000100000000)
  region size 1024K, 0 young (0K), 0 survivors (0K)

[error occurred during error reporting (printing heap information), id 0xc0000005, EXCEPTION_ACCESS_VIOLATION (0xc0000005) at pc=0x00007fffc06ec3c9]
GC Heap History (0 events):
No events

Dll operation events (1 events):
Event: 0.128 Loaded shared library C:\Users\Oyewusi Samuel\.jdks\openjdk-23.0.1\bin\java.dll

Deoptimization events (0 events):
No events

Classes loaded (0 events):
No events

Classes unloaded (0 events):
No events

Classes redefined (0 events):
No events

Internal exceptions (0 events):
No events

VM Operations (0 events):
No events

Memory protections (0 events):
No events

Nmethod flushes (0 events):
No events

Events (0 events):
No events


Dynamic libraries:
0x00007ff7327d0000 - 0x00007ff7327de000 	C:\Users\Oyewusi Samuel\.jdks\openjdk-23.0.1\bin\java.exe
0x00007ff871000000 - 0x00007ff87120a000 	C:\WINDOWS\SYSTEM32\ntdll.dll
0x00007ff86fed0000 - 0x00007ff86ff8d000 	C:\WINDOWS\System32\KERNEL32.DLL
0x00007ff86e460000 - 0x00007ff86e7e5000 	C:\WINDOWS\System32\KERNELBASE.dll
0x00007ff86e850000 - 0x00007ff86e961000 	C:\WINDOWS\System32\ucrtbase.dll
0x00007ff83d860000 - 0x00007ff83d877000 	C:\Users\Oyewusi Samuel\.jdks\openjdk-23.0.1\bin\jli.dll
0x00007ff86fd20000 - 0x00007ff86fecc000 	C:\WINDOWS\System32\USER32.dll
0x00007ff86e820000 - 0x00007ff86e846000 	C:\WINDOWS\System32\win32u.dll
0x00007ff870f90000 - 0x00007ff870fb9000 	C:\WINDOWS\System32\GDI32.dll
0x00007ff86e970000 - 0x00007ff86ea8c000 	C:\WINDOWS\System32\gdi32full.dll
0x00007ff86edb0000 - 0x00007ff86ee4d000 	C:\WINDOWS\System32\msvcp_win.dll
0x00007ff838db0000 - 0x00007ff838dcb000 	C:\Users\Oyewusi Samuel\.jdks\openjdk-23.0.1\bin\VCRUNTIME140.dll
0x00007ff85bb10000 - 0x00007ff85bdb5000 	C:\WINDOWS\WinSxS\amd64_microsoft.windows.common-controls_6595b64144ccf1df_6.0.22000.2600_none_1b65155c6ae217ae\COMCTL32.dll
0x00007ff86f480000 - 0x00007ff86f523000 	C:\WINDOWS\System32\msvcrt.dll
0x00007ff86f8f0000 - 0x00007ff86f921000 	C:\WINDOWS\System32\IMM32.DLL
0x00007ff85d0e0000 - 0x00007ff85d0ec000 	C:\Users\Oyewusi Samuel\.jdks\openjdk-23.0.1\bin\vcruntime140_1.dll
0x00007ff805410000 - 0x00007ff80549e000 	C:\Users\Oyewusi Samuel\.jdks\openjdk-23.0.1\bin\msvcp140.dll
0x00007fffbffb0000 - 0x00007fffc0cff000 	C:\Users\Oyewusi Samuel\.jdks\openjdk-23.0.1\bin\server\jvm.dll
0x00007ff8705e0000 - 0x00007ff870691000 	C:\WINDOWS\System32\ADVAPI32.dll
0x00007ff86fc70000 - 0x00007ff86fd11000 	C:\WINDOWS\System32\sechost.dll
0x00007ff86e7f0000 - 0x00007ff86e817000 	C:\WINDOWS\System32\bcrypt.dll
0x00007ff86f530000 - 0x00007ff86f651000 	C:\WINDOWS\System32\RPCRT4.dll
0x00007ff86fad0000 - 0x00007ff86fb3f000 	C:\WINDOWS\System32\WS2_32.dll
0x00007ff86e320000 - 0x00007ff86e36d000 	C:\WINDOWS\SYSTEM32\POWRPROF.dll
0x00007ff86a460000 - 0x00007ff86a493000 	C:\WINDOWS\SYSTEM32\WINMM.dll
0x00007ff865a70000 - 0x00007ff865a7a000 	C:\WINDOWS\SYSTEM32\VERSION.dll
0x00007ff86e300000 - 0x00007ff86e313000 	C:\WINDOWS\SYSTEM32\UMPDC.dll
0x00007ff86d4d0000 - 0x00007ff86d4e8000 	C:\WINDOWS\SYSTEM32\kernel.appcore.dll
0x00007ff85d050000 - 0x00007ff85d05a000 	C:\Users\Oyewusi Samuel\.jdks\openjdk-23.0.1\bin\jimage.dll
0x00007ff86be10000 - 0x00007ff86c031000 	C:\WINDOWS\SYSTEM32\DBGHELP.DLL
0x00007ff856420000 - 0x00007ff856451000 	C:\WINDOWS\SYSTEM32\dbgcore.DLL
0x00007ff86ea90000 - 0x00007ff86eb0f000 	C:\WINDOWS\System32\bcryptPrimitives.dll
0x00007ff85e8d0000 - 0x00007ff85e8df000 	C:\Users\Oyewusi Samuel\.jdks\openjdk-23.0.1\bin\instrument.dll
0x00007ff830c30000 - 0x00007ff830c4e000 	C:\Users\Oyewusi Samuel\.jdks\openjdk-23.0.1\bin\java.dll
0x00007ff86f930000 - 0x00007ff86faca000 	C:\WINDOWS\System32\ole32.dll
0x00007ff86ffa0000 - 0x00007ff870316000 	C:\WINDOWS\System32\combase.dll
0x00007ff8707c0000 - 0x00007ff870f86000 	C:\WINDOWS\System32\SHELL32.dll

dbghelp: loaded successfully - version: 4.0.5 - missing functions: none
symbol engine: initialized successfully - sym options: 0x614 - pdb path: .;C:\Users\Oyewusi Samuel\.jdks\openjdk-23.0.1\bin;C:\WINDOWS\SYSTEM32;C:\WINDOWS\WinSxS\amd64_microsoft.windows.common-controls_6595b64144ccf1df_6.0.22000.2600_none_1b65155c6ae217ae;C:\Users\Oyewusi Samuel\.jdks\openjdk-23.0.1\bin\server

VM Arguments:
jvm_args: -javaagent:C:\Program Files\JetBrains\IntelliJ IDEA 2024.1.2\lib\idea_rt.jar=50099:C:\Program Files\JetBrains\IntelliJ IDEA 2024.1.2\bin -Dfile.encoding=UTF-8 -Dsun.stdout.encoding=UTF-8 -Dsun.stderr.encoding=UTF-8 
java_command: com.semicolon.africa.devops.data.model.Hello
java_class_path (initial): C:\Users\Oyewusi Samuel\Downloads\DrugVerify\DevOps\target\classes;C:\Users\Oyewusi Samuel\.m2\repository\org\springframework\boot\spring-boot-starter\3.4.3\spring-boot-starter-3.4.3.jar;C:\Users\Oyewusi Samuel\.m2\repository\org\springframework\boot\spring-boot\3.4.3\spring-boot-3.4.3.jar;C:\Users\Oyewusi Samuel\.m2\repository\org\springframework\spring-context\6.2.3\spring-context-6.2.3.jar;C:\Users\Oyewusi Samuel\.m2\repository\org\springframework\spring-aop\6.2.3\spring-aop-6.2.3.jar;C:\Users\Oyewusi Samuel\.m2\repository\org\springframework\spring-beans\6.2.3\spring-beans-6.2.3.jar;C:\Users\Oyewusi Samuel\.m2\repository\org\springframework\spring-expression\6.2.3\spring-expression-6.2.3.jar;C:\Users\Oyewusi Samuel\.m2\repository\io\micrometer\micrometer-observation\1.14.4\micrometer-observation-1.14.4.jar;C:\Users\Oyewusi Samuel\.m2\repository\io\micrometer\micrometer-commons\1.14.4\micrometer-commons-1.14.4.jar;C:\Users\Oyewusi Samuel\.m2\repository\org\springframework\boot\spring-boot-autoconfigure\3.4.3\spring-boot-autoconfigure-3.4.3.jar;C:\Users\Oyewusi Samuel\.m2\repository\org\springframework\boot\spring-boot-starter-logging\3.4.3\spring-boot-starter-logging-3.4.3.jar;C:\Users\Oyewusi Samuel\.m2\repository\ch\qos\logback\logback-classic\1.5.16\logback-classic-1.5.16.jar;C:\Users\Oyewusi Samuel\.m2\repository\ch\qos\logback\logback-core\1.5.16\logback-core-1.5.16.jar;C:\Users\Oyewusi Samuel\.m2\repository\org\apache\logging\log4j\log4j-to-slf4j\2.24.3\log4j-to-slf4j-2.24.3.jar;C:\Users\Oyewusi Samuel\.m2\repository\org\apache\logging\log4j\log4j-api\2.24.3\log4j-api-2.24.3.jar;C:\Users\Oyewusi Samuel\.m2\repository\org\slf4j\jul-to-slf4j\2.0.16\jul-to-slf4j-2.0.16.jar;C:\Users\Oyewusi Samuel\.m2\repository\jakarta\annotation\jakarta.annotation-api\2.1.1\jakarta.annotation-api-2.1.1.jar;C:\Users\Oyewusi Samuel\.m2\repository\org\springframework\spring-core\6.2.3\spring-core-6.2.3.jar;C:\Users\Oyewusi Samuel\.m2\repository\org\springframework\spring-jcl\6.2.3\spring-jcl-6.2.3.jar;C:\Users\Oyewusi Samuel\.m2\repository\org\yaml\snakeyaml\2.3\snakeyaml-2.3.jar;C:\Users\Oyewusi Samuel\.m2\repository\org\slf4j\slf4j-api\2.0.16\slf4j-api-2.0.16.jar
Launcher Type: SUN_STANDARD

[Global flags]
     intx CICompilerCount                          = 3                                         {product} {ergonomic}
     uint ConcGCThreads                            = 1                                         {product} {ergonomic}
     uint G1ConcRefinementThreads                  = 4                                         {product} {ergonomic}
   size_t G1HeapRegionSize                         = 1048576                                   {product} {ergonomic}
   size_t InitialHeapSize                          = 134217728                                 {product} {ergonomic}
   size_t MarkStackSize                            = 4194304                                   {product} {ergonomic}
   size_t MarkStackSizeMax                         = 536870912                                 {product} {ergonomic}
   size_t MaxHeapSize                              = 2116026368                                {product} {ergonomic}
   size_t MinHeapDeltaBytes                        = 1048576                                   {product} {ergonomic}
   size_t MinHeapSize                              = 8388608                                   {product} {ergonomic}
    uintx NonNMethodCodeHeapSize                   = 5832704                                {pd product} {ergonomic}
    uintx NonProfiledCodeHeapSize                  = 122945536                              {pd product} {ergonomic}
    uintx ProfiledCodeHeapSize                     = 122880000                              {pd product} {ergonomic}
    uintx ReservedCodeCacheSize                    = 251658240                              {pd product} {ergonomic}
     bool SegmentedCodeCache                       = true                                      {product} {ergonomic}
   size_t SoftMaxHeapSize                          = 2116026368                             {manageable} {ergonomic}
     bool UseCompressedOops                        = true                           {product lp64_product} {ergonomic}
     bool UseG1GC                                  = true                                      {product} {ergonomic}
     bool UseLargePagesIndividualAllocation        = false                                  {pd product} {ergonomic}

Logging:
Log output configuration:
 #0: stdout all=warning uptime,level,tags foldmultilines=false
 #1: stderr all=off uptime,level,tags foldmultilines=false

Environment Variables:
PATH=C:\WINDOWS\system32;C:\WINDOWS;C:\WINDOWS\System32\Wbem;C:\WINDOWS\System32\WindowsPowerShell\v1.0\;C:\WINDOWS\System32\OpenSSH\;C:\Program Files\Git\cmd;C:\Program Files\Git\bin\;C:\Program Files\nodejs\;C:\Program Files\Docker\Docker\resources\bin;C:\Program Files\GitHub CLI\;C:\Users\Oyewusi Samuel\AppData\Local\Programs\Python\Python313\Scripts\;C:\Users\Oyewusi Samuel\AppData\Local\Programs\Python\Python313\;C:\Users\Oyewusi Samuel\AppData\Local\Programs\Python\Launcher\;C:\Users\Oyewusi Samuel\AppData\Local\Microsoft\WindowsApps;C:\Users\Oyewusi Samuel\AppData\Local\Programs\Microsoft VS Code\bin;C:\Program Files\JetBrains\PyCharm 2024.1.1\bin;;C:\Program Files\JetBrains\WebStorm 2024.1.5\bin;;C:\Users\Oyewusi Samuel\AppData\Roaming\npm
USERNAME=LOCO
OS=Windows_NT
PROCESSOR_IDENTIFIER=Intel64 Family 6 Model 142 Stepping 9, GenuineIntel
TMP=C:\Users\OYEWUS~1\AppData\Local\Temp
TEMP=C:\Users\OYEWUS~1\AppData\Local\Temp




Periodic native trim disabled

---------------  S Y S T E M  ---------------

OS:
 Windows 11 , 64 bit Build 22000 (10.0.22000.2836)
OS uptime: 1 days 1:49 hours
Hyper-V role detected

CPU: total 4 (initial active 4) (2 cores per cpu, 2 threads per core) family 6 model 142 stepping 9 microcode 0xf6, cx8, cmov, fxsr, ht, mmx, 3dnowpref, sse, sse2, sse3, ssse3, sse4.1, sse4.2, popcnt, lzcnt, tsc, tscinvbit, avx, avx2, aes, erms, clmul, bmi1, bmi2, rtm, adx, fma, vzeroupper, clflush, clflushopt, hv, rdtscp, f16c
Processor Information for processor 0
  Max Mhz: 2700, Current Mhz: 1500, Mhz Limit: 2700
Processor Information for processor 1
  Max Mhz: 2700, Current Mhz: 1500, Mhz Limit: 2700
Processor Information for processor 2
  Max Mhz: 2700, Current Mhz: 2700, Mhz Limit: 2700
Processor Information for processor 3
  Max Mhz: 2700, Current Mhz: 1500, Mhz Limit: 2700

Memory: 4k page, system-wide physical 8069M (546M free)
TotalPageFile size 32645M (AvailPageFile size 60M)
current process WorkingSet (physical memory assigned to process): 11M, peak: 11M
current process commit charge ("private bytes"): 52M, peak: 180M

vm_info: OpenJDK 64-Bit Server VM (23.0.1+11-39) for windows-amd64 JRE (23.0.1+11-39), built on 2024-09-30T07:20:43Z with MS VC++ 17.6 (VS2022)

END.
